<?xml version="1.0" encoding="UTF-8"?>
<!-- Generated by org.testng.reporters.JUnitReportReporter -->
<testsuite hostname="Shailas-MacBook-Pro.local" failures="0" tests="1" name="testHome.HomePageTest" time="0.903" errors="0" timestamp="2021-01-13T18:15:51 EST" skipped="0">
  <testcase classname="testHome.HomePageTest" name="loginTitleTest" time="0.903"/>
  <system-out/>
</testsuite> <!-- testHome.HomePageTest -->
